[2015-01-23 16:36:58.219] [ERROR] 执行错误 [You have an error in your SQL syntax; check the manual that corresponds to your MySQL server version for the right syntax to use near '' at line 1] SQL [replace into cpu_mem value(]
[2015-01-23 16:36:59.223] [ERROR] 执行错误 [You have an error in your SQL syntax; check the manual that corresponds to your MySQL server version for the right syntax to use near '' at line 1] SQL [replace into cpu_mem value(]
[2015-01-23 16:37:14.226] [ERROR] 执行错误 [You have an error in your SQL syntax; check the manual that corresponds to your MySQL server version for the right syntax to use near '' at line 1] SQL [replace into cpu_mem value(]
[2015-01-23 16:37:29.226] [ERROR] 执行错误 [You have an error in your SQL syntax; check the manual that corresponds to your MySQL server version for the right syntax to use near '' at line 1] SQL [replace into cpu_mem value(]
[2015-01-23 16:37:44.227] [ERROR] 执行错误 [You have an error in your SQL syntax; check the manual that corresponds to your MySQL server version for the right syntax to use near '' at line 1] SQL [replace into cpu_mem value(]
[2015-01-23 16:37:59.228] [ERROR] 执行错误 [You have an error in your SQL syntax; check the manual that corresponds to your MySQL server version for the right syntax to use near '' at line 1] SQL [replace into cpu_mem value(]
[2015-01-23 16:38:14.229] [ERROR] 执行错误 [You have an error in your SQL syntax; check the manual that corresponds to your MySQL server version for the right syntax to use near '' at line 1] SQL [replace into cpu_mem value(]
[2015-01-23 16:43:33.583] [ERROR] 执行错误 [You have an error in your SQL syntax; check the manual that corresponds to your MySQL server version for the right syntax to use near '' at line 1] SQL [replace into cpu_mem value(]
[2015-01-23 16:57:54.416] [ERROR] 执行错误 [You have an error in your SQL syntax; check the manual that corresponds to your MySQL server version for the right syntax to use near '"count":0,"cpuSum":0,"memSum":0},142200347)' at line 1] SQL [replace into cpu_mem value(231657,{"count":0,"cpuSum":0,"memSum":0},142200347)]
[2015-01-23 16:58:09.420] [ERROR] 执行错误 [You have an error in your SQL syntax; check the manual that corresponds to your MySQL server version for the right syntax to use near '"count":14,"cpuSum":130.6,"memSum":1009.8000000000002},142200348)' at line 1] SQL [replace into cpu_mem value(231658,{"count":14,"cpuSum":130.6,"memSum":1009.8000000000002},142200348)]
[2015-01-23 16:58:24.423] [ERROR] 执行错误 [You have an error in your SQL syntax; check the manual that corresponds to your MySQL server version for the right syntax to use near '"count":14,"cpuSum":107.6,"memSum":1012.0000000000002},142200350)' at line 1] SQL [replace into cpu_mem value(231658,{"count":14,"cpuSum":107.6,"memSum":1012.0000000000002},142200350)]
[2015-01-23 16:58:39.423] [ERROR] 执行错误 [You have an error in your SQL syntax; check the manual that corresponds to your MySQL server version for the right syntax to use near '"count":14,"cpuSum":91.39999999999999,"memSum":1013.1999999999998},142200351)' at line 1] SQL [replace into cpu_mem value(231658,{"count":14,"cpuSum":91.39999999999999,"memSum":1013.1999999999998},142200351)]
[2015-01-23 16:58:50.470] [ERROR] 执行错误 [You have an error in your SQL syntax; check the manual that corresponds to your MySQL server version for the right syntax to use near '"count":0,"cpuSum":0,"memSum":0},142200353)' at line 1] SQL [replace into `cpu_mem` values(231658,{"count":0,"cpuSum":0,"memSum":0},142200353)]
[2015-01-23 16:59:05.472] [ERROR] 执行错误 [You have an error in your SQL syntax; check the manual that corresponds to your MySQL server version for the right syntax to use near '"count":14,"cpuSum":65.5,"memSum":1010.0000000000001},142200354)' at line 1] SQL [replace into `cpu_mem` values(231659,{"count":14,"cpuSum":65.5,"memSum":1010.0000000000001},142200354)]
[2015-01-23 16:59:20.473] [ERROR] 执行错误 [You have an error in your SQL syntax; check the manual that corresponds to your MySQL server version for the right syntax to use near '"count":14,"cpuSum":102.1,"memSum":1010.7000000000003},142200356)' at line 1] SQL [replace into `cpu_mem` values(231659,{"count":14,"cpuSum":102.1,"memSum":1010.7000000000003},142200356)]
[2015-01-23 16:59:35.475] [ERROR] 执行错误 [You have an error in your SQL syntax; check the manual that corresponds to your MySQL server version for the right syntax to use near '"count":14,"cpuSum":63.8,"memSum":1009.6000000000003},142200357)' at line 1] SQL [replace into `cpu_mem` values(231659,{"count":14,"cpuSum":63.8,"memSum":1009.6000000000003},142200357)]
[2015-01-23 16:59:50.475] [ERROR] 执行错误 [You have an error in your SQL syntax; check the manual that corresponds to your MySQL server version for the right syntax to use near '"count":13,"cpuSum":76.09999999999998,"memSum":938.3000000000002},142200359)' at line 1] SQL [replace into `cpu_mem` values(231659,{"count":13,"cpuSum":76.09999999999998,"memSum":938.3000000000002},142200359)]
[2015-01-23 17:00:05.476] [ERROR] 执行错误 [You have an error in your SQL syntax; check the manual that corresponds to your MySQL server version for the right syntax to use near '"count":14,"cpuSum":81.6,"memSum":1010.0000000000002},142200360)' at line 1] SQL [replace into `cpu_mem` values(23170,{"count":14,"cpuSum":81.6,"memSum":1010.0000000000002},142200360)]
[2015-01-26 11:23:18.167] [ERROR] 查询错误 [You have an error in your SQL syntax; check the manual that corresponds to your MySQL server version for the right syntax to use near 'likes "26%"' at line 1] SQL [select * from `cpu_mem` where cpu_mem_id likes "26%"]
[2015-01-26 11:23:19.616] [ERROR] 查询错误 [You have an error in your SQL syntax; check the manual that corresponds to your MySQL server version for the right syntax to use near 'likes "26%"' at line 1] SQL [select * from `cpu_mem` where cpu_mem_id likes "26%"]
[2015-01-26 11:23:21.813] [ERROR] 查询错误 [You have an error in your SQL syntax; check the manual that corresponds to your MySQL server version for the right syntax to use near 'likes "26%"' at line 1] SQL [select * from `cpu_mem` where cpu_mem_id likes "26%"]
[2015-01-26 11:24:59.581] [ERROR] 查询错误 [You have an error in your SQL syntax; check the manual that corresponds to your MySQL server version for the right syntax to use near 'likes "26%"' at line 1] SQL [select * from `cpu_mem` where cpu_mem_id likes "26%"]
[2015-01-26 11:25:00.170] [ERROR] 查询错误 [You have an error in your SQL syntax; check the manual that corresponds to your MySQL server version for the right syntax to use near 'likes "26%"' at line 1] SQL [select * from `cpu_mem` where cpu_mem_id likes "26%"]
[2015-01-26 11:25:00.589] [ERROR] 查询错误 [You have an error in your SQL syntax; check the manual that corresponds to your MySQL server version for the right syntax to use near 'likes "26%"' at line 1] SQL [select * from `cpu_mem` where cpu_mem_id likes "26%"]
[2015-01-26 11:25:01.034] [ERROR] 查询错误 [You have an error in your SQL syntax; check the manual that corresponds to your MySQL server version for the right syntax to use near 'likes "26%"' at line 1] SQL [select * from `cpu_mem` where cpu_mem_id likes "26%"]
[2015-01-26 11:25:01.566] [ERROR] 查询错误 [You have an error in your SQL syntax; check the manual that corresponds to your MySQL server version for the right syntax to use near 'likes "26%"' at line 1] SQL [select * from `cpu_mem` where cpu_mem_id likes "26%"]
[2015-01-26 11:37:34.715] [ERROR] 查询错误 [Unknown column 'column_time' in 'where clause'] SQL [select * from `cpu_mem` where DATE_SUB(CURDATE(), INTERVAL 7 DAY) <= date(column_time)]
[2015-01-26 11:37:38.218] [ERROR] 查询错误 [Unknown column 'column_time' in 'where clause'] SQL [select * from `cpu_mem` where DATE_SUB(CURDATE(), INTERVAL 7 DAY) <= date(column_time)]
[2015-01-26 11:37:38.836] [ERROR] 查询错误 [Unknown column 'column_time' in 'where clause'] SQL [select * from `cpu_mem` where DATE_SUB(CURDATE(), INTERVAL 7 DAY) <= date(column_time)]
[2015-01-26 11:37:39.910] [ERROR] 查询错误 [Unknown column 'column_time' in 'where clause'] SQL [select * from `cpu_mem` where DATE_SUB(CURDATE(), INTERVAL 7 DAY) <= date(column_time)]
[2015-01-26 11:37:40.342] [ERROR] 查询错误 [You have an error in your SQL syntax; check the manual that corresponds to your MySQL server version for the right syntax to use near ') <= date(column_time)' at line 1] SQL [select * from `cpu_mem` where DATE_SUB(CURDATE(), INTERVAL INTERVAL 1 MONTH) <= date(column_time)]
[2015-01-26 11:37:40.722] [ERROR] 查询错误 [Unknown column 'column_time' in 'where clause'] SQL [select * from `cpu_mem` where DATE_SUB(CURDATE(), INTERVAL 7 DAY) <= date(column_time)]
[2015-01-26 11:37:43.684] [ERROR] 查询错误 [Unknown column 'column_time' in 'where clause'] SQL [select * from `cpu_mem` where DATE_SUB(CURDATE(), INTERVAL 7 DAY) <= date(column_time)]
[2015-01-26 11:37:44.489] [ERROR] 查询错误 [You have an error in your SQL syntax; check the manual that corresponds to your MySQL server version for the right syntax to use near ') <= date(column_time)' at line 1] SQL [select * from `cpu_mem` where DATE_SUB(CURDATE(), INTERVAL INTERVAL 1 MONTH) <= date(column_time)]
[2015-01-26 11:37:45.050] [ERROR] 查询错误 [Unknown column 'column_time' in 'where clause'] SQL [select * from `cpu_mem` where DATE_SUB(CURDATE(), INTERVAL 7 DAY) <= date(column_time)]
[2015-01-26 11:37:53.418] [ERROR] 查询错误 [You have an error in your SQL syntax; check the manual that corresponds to your MySQL server version for the right syntax to use near ') <= date(column_time)' at line 1] SQL [select * from `cpu_mem` where DATE_SUB(CURDATE(), INTERVAL INTERVAL 1 MONTH) <= date(column_time)]
[2015-01-26 11:40:56.803] [ERROR] 查询错误 [You have an error in your SQL syntax; check the manual that corresponds to your MySQL server version for the right syntax to use near ') <= date(cpu_mem_created)' at line 1] SQL [select * from `cpu_mem` where DATE_SUB(CURDATE(), INTERVAL INTERVAL 1 MONTH) <= date(cpu_mem_created)]
[2015-01-26 11:40:57.962] [ERROR] 查询错误 [You have an error in your SQL syntax; check the manual that corresponds to your MySQL server version for the right syntax to use near ') <= date(cpu_mem_created)' at line 1] SQL [select * from `cpu_mem` where DATE_SUB(CURDATE(), INTERVAL INTERVAL 1 MONTH) <= date(cpu_mem_created)]
[2015-01-26 11:49:59.498] [ERROR] 查询错误 [You have an error in your SQL syntax; check the manual that corresponds to your MySQL server version for the right syntax to use near ') <= date(FROM_UNIXTIME( cpu_mem_created, "%d%H%i"))' at line 1] SQL [select * from `cpu_mem` where DATE_SUB(CURDATE(), INTERVAL INTERVAL 1 MONTH) <= date(FROM_UNIXTIME( cpu_mem_created, "%d%H%i"))]
[2015-01-26 11:50:01.914] [ERROR] 查询错误 [You have an error in your SQL syntax; check the manual that corresponds to your MySQL server version for the right syntax to use near ') <= date(FROM_UNIXTIME( cpu_mem_created, "%d%H%i"))' at line 1] SQL [select * from `cpu_mem` where DATE_SUB(CURDATE(), INTERVAL INTERVAL 1 MONTH) <= date(FROM_UNIXTIME( cpu_mem_created, "%d%H%i"))]
[2015-01-26 11:50:03.450] [ERROR] 查询错误 [You have an error in your SQL syntax; check the manual that corresponds to your MySQL server version for the right syntax to use near ') <= date(FROM_UNIXTIME( cpu_mem_created, "%d%H%i"))' at line 1] SQL [select * from `cpu_mem` where DATE_SUB(CURDATE(), INTERVAL INTERVAL 1 MONTH) <= date(FROM_UNIXTIME( cpu_mem_created, "%d%H%i"))]
[2015-01-26 11:50:05.021] [ERROR] 查询错误 [You have an error in your SQL syntax; check the manual that corresponds to your MySQL server version for the right syntax to use near ') <= date(FROM_UNIXTIME( cpu_mem_created, "%d%H%i"))' at line 1] SQL [select * from `cpu_mem` where DATE_SUB(CURDATE(), INTERVAL INTERVAL 1 MONTH) <= date(FROM_UNIXTIME( cpu_mem_created, "%d%H%i"))]
[2015-01-26 11:50:05.850] [ERROR] 查询错误 [You have an error in your SQL syntax; check the manual that corresponds to your MySQL server version for the right syntax to use near ') <= date(FROM_UNIXTIME( cpu_mem_created, "%d%H%i"))' at line 1] SQL [select * from `cpu_mem` where DATE_SUB(CURDATE(), INTERVAL INTERVAL 1 MONTH) <= date(FROM_UNIXTIME( cpu_mem_created, "%d%H%i"))]
[2015-01-26 11:50:06.838] [ERROR] 查询错误 [You have an error in your SQL syntax; check the manual that corresponds to your MySQL server version for the right syntax to use near ') <= date(FROM_UNIXTIME( cpu_mem_created, "%d%H%i"))' at line 1] SQL [select * from `cpu_mem` where DATE_SUB(CURDATE(), INTERVAL INTERVAL 1 MONTH) <= date(FROM_UNIXTIME( cpu_mem_created, "%d%H%i"))]
[2015-01-26 11:50:37.172] [ERROR] 查询错误 [You have an error in your SQL syntax; check the manual that corresponds to your MySQL server version for the right syntax to use near ') <= date(FROM_UNIXTIME( cpu_mem_created, "%d%H%i"))' at line 1] SQL [select * from `cpu_mem` where DATE_SUB(CURDATE(), INTERVAL INTERVAL 1 MONTH) <= date(FROM_UNIXTIME( cpu_mem_created, "%d%H%i"))]
[2015-01-26 11:50:37.722] [ERROR] 查询错误 [You have an error in your SQL syntax; check the manual that corresponds to your MySQL server version for the right syntax to use near ') <= date(FROM_UNIXTIME( cpu_mem_created, "%d%H%i"))' at line 1] SQL [select * from `cpu_mem` where DATE_SUB(CURDATE(), INTERVAL INTERVAL 1 MONTH) <= date(FROM_UNIXTIME( cpu_mem_created, "%d%H%i"))]
[2015-01-26 11:50:38.464] [ERROR] 查询错误 [You have an error in your SQL syntax; check the manual that corresponds to your MySQL server version for the right syntax to use near ') <= date(FROM_UNIXTIME( cpu_mem_created, "%d%H%i"))' at line 1] SQL [select * from `cpu_mem` where DATE_SUB(CURDATE(), INTERVAL INTERVAL 1 MONTH) <= date(FROM_UNIXTIME( cpu_mem_created, "%d%H%i"))]
[2015-01-26 11:53:04.364] [ERROR] 查询错误 [You have an error in your SQL syntax; check the manual that corresponds to your MySQL server version for the right syntax to use near ') <= date(cpu_mem_created)' at line 1] SQL [select * from `cpu_mem` where DATE_SUB(CURDATE(), INTERVAL INTERVAL 1 MONTH) <= date(cpu_mem_created)]
[2015-01-26 11:53:07.250] [ERROR] 查询错误 [You have an error in your SQL syntax; check the manual that corresponds to your MySQL server version for the right syntax to use near ') <= date(cpu_mem_created)' at line 1] SQL [select * from `cpu_mem` where DATE_SUB(CURDATE(), INTERVAL INTERVAL 1 MONTH) <= date(cpu_mem_created)]
[2015-01-26 11:53:08.516] [ERROR] 查询错误 [You have an error in your SQL syntax; check the manual that corresponds to your MySQL server version for the right syntax to use near ') <= date(cpu_mem_created)' at line 1] SQL [select * from `cpu_mem` where DATE_SUB(CURDATE(), INTERVAL INTERVAL 1 MONTH) <= date(cpu_mem_created)]
[2015-01-26 11:53:08.994] [ERROR] 查询错误 [You have an error in your SQL syntax; check the manual that corresponds to your MySQL server version for the right syntax to use near ') <= date(cpu_mem_created)' at line 1] SQL [select * from `cpu_mem` where DATE_SUB(CURDATE(), INTERVAL INTERVAL 1 MONTH) <= date(cpu_mem_created)]
[2015-01-26 11:53:09.348] [ERROR] 查询错误 [You have an error in your SQL syntax; check the manual that corresponds to your MySQL server version for the right syntax to use near ') <= date(cpu_mem_created)' at line 1] SQL [select * from `cpu_mem` where DATE_SUB(CURDATE(), INTERVAL INTERVAL 1 MONTH) <= date(cpu_mem_created)]
[2015-01-26 11:53:10.365] [ERROR] 查询错误 [You have an error in your SQL syntax; check the manual that corresponds to your MySQL server version for the right syntax to use near ') <= date(cpu_mem_created)' at line 1] SQL [select * from `cpu_mem` where DATE_SUB(CURDATE(), INTERVAL INTERVAL 1 MONTH) <= date(cpu_mem_created)]
[2015-01-26 11:53:47.691] [ERROR] 查询错误 [You have an error in your SQL syntax; check the manual that corresponds to your MySQL server version for the right syntax to use near ') <= date(cpu_mem_created)' at line 1] SQL [select * from `cpu_mem` where DATE_SUB(CURDATE(), INTERVAL INTERVAL 1 MONTH) <= date(cpu_mem_created)]
[2015-01-26 11:54:24.844] [ERROR] 查询错误 [You have an error in your SQL syntax; check the manual that corresponds to your MySQL server version for the right syntax to use near ') <= date(cpu_mem_created)' at line 1] SQL [select * from `cpu_mem` where DATE_SUB(CURDATE(), INTERVAL INTERVAL 1 MONTH) <= date(cpu_mem_created)]
[2015-01-26 11:54:25.854] [ERROR] 查询错误 [You have an error in your SQL syntax; check the manual that corresponds to your MySQL server version for the right syntax to use near ') <= date(cpu_mem_created)' at line 1] SQL [select * from `cpu_mem` where DATE_SUB(CURDATE(), INTERVAL INTERVAL 1 MONTH) <= date(cpu_mem_created)]
[2015-01-26 11:54:26.620] [ERROR] 查询错误 [You have an error in your SQL syntax; check the manual that corresponds to your MySQL server version for the right syntax to use near ') <= date(cpu_mem_created)' at line 1] SQL [select * from `cpu_mem` where DATE_SUB(CURDATE(), INTERVAL INTERVAL 1 MONTH) <= date(cpu_mem_created)]
[2015-01-26 11:54:27.612] [ERROR] 查询错误 [You have an error in your SQL syntax; check the manual that corresponds to your MySQL server version for the right syntax to use near ') <= date(cpu_mem_created)' at line 1] SQL [select * from `cpu_mem` where DATE_SUB(CURDATE(), INTERVAL INTERVAL 1 MONTH) <= date(cpu_mem_created)]
[2015-01-26 11:54:29.561] [ERROR] 查询错误 [You have an error in your SQL syntax; check the manual that corresponds to your MySQL server version for the right syntax to use near ') <= date(cpu_mem_created)' at line 1] SQL [select * from `cpu_mem` where DATE_SUB(CURDATE(), INTERVAL INTERVAL 1 MONTH) <= date(cpu_mem_created)]
[2015-01-26 11:55:25.111] [ERROR] 查询错误 [You have an error in your SQL syntax; check the manual that corresponds to your MySQL server version for the right syntax to use near ') <= date(cpu_mem_created)' at line 1] SQL [select * from `cpu_mem` where DATE_SUB(CURDATE(), INTERVAL INTERVAL 1 MONTH) <= date(cpu_mem_created)]
[2015-01-26 11:55:38.015] [ERROR] 查询错误 [You have an error in your SQL syntax; check the manual that corresponds to your MySQL server version for the right syntax to use near ') <= date(cpu_mem_created)' at line 1] SQL [select * from `cpu_mem` where DATE_SUB(CURDATE(), INTERVAL INTERVAL 1 MONTH) <= date(cpu_mem_created)]
[2015-01-26 11:56:39.244] [ERROR] 查询错误 [You have an error in your SQL syntax; check the manual that corresponds to your MySQL server version for the right syntax to use near ') <= date(cpu_mem_created)' at line 1] SQL [select * from `cpu_mem` where DATE_SUB(CURDATE(), INTERVAL INTERVAL 1 MONTH) <= date(cpu_mem_created)]
[2015-01-26 14:21:09.969] [ERROR] 查询错误 [You have an error in your SQL syntax; check the manual that corresponds to your MySQL server version for the right syntax to use near '' at line 1] SQL [select * from `cpu_mem` where DATE_SUB(CURDATE(), INTERVAL 7 DAY) <= date(cpu_mem_created]
[2015-01-26 14:31:42.428] [ERROR] 查询错误 [You have an error in your SQL syntax; check the manual that corresponds to your MySQL server version for the right syntax to use near '' at line 1] SQL [select * from `cpu_mem` where DATE_SUB(CURDATE(), INTERVAL 7 DAY) <= date(cpu_mem_created]
[2015-01-26 14:31:52.176] [ERROR] 查询错误 [You have an error in your SQL syntax; check the manual that corresponds to your MySQL server version for the right syntax to use near '' at line 1] SQL [select * from `cpu_mem` where DATE_SUB(CURDATE(), INTERVAL 7 DAY) <= date(cpu_mem_created]
[2015-01-26 14:38:25.387] [ERROR] 查询错误 [You have an error in your SQL syntax; check the manual that corresponds to your MySQL server version for the right syntax to use near '' at line 1] SQL [select * from `cpu_mem` where DATE_SUB(CURDATE(), INTERVAL 7 DAY) <= date(cpu_mem_created]
[2015-01-26 14:38:29.430] [ERROR] 查询错误 [You have an error in your SQL syntax; check the manual that corresponds to your MySQL server version for the right syntax to use near '' at line 1] SQL [select * from `cpu_mem` where DATE_SUB(CURDATE(), INTERVAL 7 DAY) <= date(cpu_mem_created]
[2015-01-28 17:07:15.072] [ERROR] 查询错误 [Unknown column 'cpu_mem_id' in 'where clause'] SQL [select net_data,netport_created from `netport` where cpu_mem_id like "28%" and cpu_mem_id<281707]
[2015-01-28 17:10:45.248] [ERROR] 查询错误 [Unknown column 'cpu_mem_id' in 'where clause'] SQL [select net_data,netport_created from `netport` where cpu_mem_id like "28%" and cpu_mem_id<281710]
[2015-01-28 17:31:37.555] [ERROR] 查询错误 [Unknown column 'cpu_mem_id' in 'where clause'] SQL [select net_data,netport_created from `netport` where cpu_mem_id like "28%" and cpu_mem_id<281731]
[2015-01-28 17:31:38.772] [ERROR] 查询错误 [Unknown column 'cpu_mem_id' in 'where clause'] SQL [select net_data,netport_created from `netport` where cpu_mem_id like "28%" and cpu_mem_id<281731]
[2015-01-28 17:32:00.802] [ERROR] 查询错误 [Unknown column 'cpu_mem_id' in 'where clause'] SQL [select net_data,netport_created from `netport` where cpu_mem_id like "28%" and cpu_mem_id<281732]
[2015-01-28 17:32:07.594] [ERROR] 查询错误 [Unknown column 'cpu_mem_id' in 'where clause'] SQL [select net_data,netport_created from `netport` where cpu_mem_id like "28%" and cpu_mem_id<281732]
[2015-01-29 16:37:30.172] [ERROR] 执行错误 [Unknown column 'legal_liscence_content' in 'field list'] SQL [INSERT INTO `base_info` (`legal_liscence_content`) VALUES ("ffd8 ffe1 0018 4578 6966 0000 4949 2a00\r\n0800 0000 0000 0000 0000 0000 ffec 0011\r\n4475 636b 7900 0100 0400 0000 6400 00ff\r\ne103 2b68 7474 703a 2f2f 6e73 2e61 646f\r\n6265 2e63 6f6d 2f78 6170 2f31 2e30 2f00\r\n3c3f 7870 6163 6b65 7420 6265 6769 6e3d\r\n22ef bbbf 2220 6964 3d22 5735 4d30 4d70\r\n4365 6869 487a 7265 537a 4e54 637a 6b63\r\n3964 223f 3e20 3c78 3a78 6d70 6d65 7461")]
