[2015-01-23 19:03:17.094] [ERROR] TypeError: Object #<Object> has no method 'sysData'
[2015-01-23 19:03:18.188] [ERROR] TypeError: Object #<Object> has no method 'sysData'
[2015-01-23 19:03:19.277] [ERROR] TypeError: Object #<Object> has no method 'sysData'
[2015-01-23 19:03:20.368] [ERROR] TypeError: Object #<Object> has no method 'sysData'
[2015-01-23 19:03:21.459] [ERROR] TypeError: Object #<Object> has no method 'sysData'
[2015-01-23 19:03:22.551] [ERROR] TypeError: Object #<Object> has no method 'sysData'
[2015-01-23 19:03:23.644] [ERROR] TypeError: Object #<Object> has no method 'sysData'
[2015-01-23 19:03:24.739] [ERROR] TypeError: Object #<Object> has no method 'sysData'
[2015-01-23 19:03:25.845] [ERROR] TypeError: Object #<Object> has no method 'sysData'
[2015-01-23 19:03:26.935] [ERROR] TypeError: Object #<Object> has no method 'sysData'
[2015-01-23 19:03:28.023] [ERROR] TypeError: Object #<Object> has no method 'sysData'
[2015-01-23 19:03:29.117] [ERROR] TypeError: Object #<Object> has no method 'sysData'
[2015-01-23 19:03:31.292] [ERROR] TypeError: Object #<Object> has no method 'sysData'
[2015-01-23 19:03:32.389] [ERROR] TypeError: Object #<Object> has no method 'sysData'
[2015-01-23 19:03:33.487] [ERROR] TypeError: Object #<Object> has no method 'sysData'
[2015-01-23 19:03:34.562] [ERROR] TypeError: Object #<Object> has no method 'sysData'
[2015-01-23 19:03:35.657] [ERROR] TypeError: Object #<Object> has no method 'sysData'
[2015-01-23 19:03:36.755] [ERROR] TypeError: Object #<Object> has no method 'sysData'
[2015-01-23 19:03:37.853] [ERROR] TypeError: Object #<Object> has no method 'sysData'
[2015-01-23 19:03:38.946] [ERROR] TypeError: Object #<Object> has no method 'sysData'
[2015-01-23 19:03:40.083] [ERROR] TypeError: Object #<Object> has no method 'sysData'
[2015-01-23 19:03:41.201] [ERROR] TypeError: Object #<Object> has no method 'sysData'
[2015-01-23 19:03:42.303] [ERROR] TypeError: Object #<Object> has no method 'sysData'
[2015-01-23 19:03:43.400] [ERROR] TypeError: Object #<Object> has no method 'sysData'
[2015-01-23 19:03:44.504] [ERROR] TypeError: Object #<Object> has no method 'sysData'
[2015-01-23 19:03:45.587] [ERROR] TypeError: Object #<Object> has no method 'sysData'
[2015-01-23 19:03:46.687] [ERROR] TypeError: Object #<Object> has no method 'sysData'
[2015-01-23 19:03:47.787] [ERROR] TypeError: Object #<Object> has no method 'sysData'
[2015-01-23 19:03:48.878] [ERROR] TypeError: Object #<Object> has no method 'sysData'
[2015-01-23 19:03:54.315] [ERROR] TypeError: Object #<Object> has no method 'sysData'
[2015-01-23 19:03:55.413] [ERROR] TypeError: Object #<Object> has no method 'sysData'
[2015-01-23 19:03:56.503] [ERROR] TypeError: Object #<Object> has no method 'sysData'
[2015-01-23 19:03:57.586] [ERROR] TypeError: Object #<Object> has no method 'sysData'
[2015-01-23 19:03:58.673] [ERROR] TypeError: Object #<Object> has no method 'sysData'
[2015-01-23 19:23:56.527] [ERROR] ReferenceError: getdate is not defined
[2015-01-23 19:23:57.615] [ERROR] ReferenceError: getdate is not defined
[2015-01-23 19:23:58.708] [ERROR] ReferenceError: getdate is not defined
[2015-01-23 19:23:59.806] [ERROR] ReferenceError: getdate is not defined
[2015-01-23 19:24:17.158] [ERROR] ReferenceError: sysdata is not defined
[2015-01-23 19:24:18.259] [ERROR] ReferenceError: sysdata is not defined
[2015-01-23 19:24:23.662] [ERROR] ReferenceError: sysdata is not defined
[2015-01-23 19:24:24.763] [ERROR] ReferenceError: sysdata is not defined
[2015-01-23 19:24:25.852] [ERROR] ReferenceError: sysdata is not defined
[2015-01-23 19:24:43.225] [ERROR] TypeError: Cannot call method 'send' of undefined
[2015-01-23 19:24:44.318] [ERROR] TypeError: Cannot call method 'send' of undefined
[2015-01-23 19:24:45.414] [ERROR] TypeError: Cannot call method 'send' of undefined
[2015-01-23 19:24:46.511] [ERROR] TypeError: Cannot call method 'send' of undefined
[2015-01-23 19:24:47.608] [ERROR] TypeError: Cannot call method 'send' of undefined
[2015-01-23 19:24:48.701] [ERROR] TypeError: Cannot call method 'send' of undefined
[2015-01-23 19:24:49.807] [ERROR] TypeError: Cannot call method 'send' of undefined
[2015-01-23 19:24:50.900] [ERROR] TypeError: Cannot call method 'send' of undefined
[2015-01-23 19:24:52.011] [ERROR] TypeError: Cannot call method 'send' of undefined
[2015-01-23 19:24:53.105] [ERROR] TypeError: Cannot call method 'send' of undefined
[2015-01-23 19:24:54.200] [ERROR] TypeError: Cannot call method 'send' of undefined
[2015-01-23 19:24:55.288] [ERROR] TypeError: Cannot call method 'send' of undefined
[2015-01-23 19:24:56.380] [ERROR] TypeError: Cannot call method 'send' of undefined
[2015-01-23 19:24:57.471] [ERROR] TypeError: Cannot call method 'send' of undefined
[2015-01-23 19:24:58.570] [ERROR] TypeError: Cannot call method 'send' of undefined
[2015-01-23 19:24:59.673] [ERROR] TypeError: Cannot call method 'send' of undefined
[2015-01-23 19:25:00.762] [ERROR] TypeError: Cannot call method 'send' of undefined
[2015-01-23 19:25:01.869] [ERROR] TypeError: Cannot call method 'send' of undefined
[2015-01-23 19:25:02.969] [ERROR] TypeError: Cannot call method 'send' of undefined
[2015-01-23 19:25:04.065] [ERROR] TypeError: Cannot call method 'send' of undefined
[2015-01-23 19:25:35.730] [ERROR] ReferenceError: sysdata is not defined
[2015-01-23 19:25:36.834] [ERROR] ReferenceError: sysdata is not defined
[2015-01-23 19:25:37.920] [ERROR] ReferenceError: sysdata is not defined
[2015-01-23 19:25:39.016] [ERROR] ReferenceError: sysdata is not defined
[2015-01-23 19:25:40.115] [ERROR] ReferenceError: sysdata is not defined
[2015-01-23 19:25:41.212] [ERROR] ReferenceError: sysdata is not defined
[2015-01-23 19:25:42.316] [ERROR] ReferenceError: sysdata is not defined
[2015-01-23 19:27:00.481] [ERROR] TypeError: Object #<Object> has no method 'put_sysData'
[2015-01-23 19:27:01.579] [ERROR] TypeError: Object #<Object> has no method 'put_sysData'
[2015-01-23 19:27:02.671] [ERROR] TypeError: Object #<Object> has no method 'put_sysData'
[2015-01-23 19:27:03.767] [ERROR] TypeError: Object #<Object> has no method 'put_sysData'
[2015-01-23 19:27:04.864] [ERROR] TypeError: Object #<Object> has no method 'put_sysData'
[2015-01-23 19:27:05.961] [ERROR] TypeError: Object #<Object> has no method 'put_sysData'
[2015-01-23 19:27:07.060] [ERROR] TypeError: Object #<Object> has no method 'put_sysData'
[2015-01-23 19:27:08.150] [ERROR] TypeError: Object #<Object> has no method 'put_sysData'
[2015-01-23 19:27:09.241] [ERROR] TypeError: Object #<Object> has no method 'put_sysData'
[2015-01-23 19:27:10.340] [ERROR] TypeError: Object #<Object> has no method 'put_sysData'
[2015-01-23 19:27:11.449] [ERROR] TypeError: Object #<Object> has no method 'put_sysData'
[2015-01-23 19:27:12.558] [ERROR] TypeError: Object #<Object> has no method 'put_sysData'
[2015-01-23 19:27:13.667] [ERROR] TypeError: Object #<Object> has no method 'put_sysData'
[2015-01-23 19:27:14.762] [ERROR] TypeError: Object #<Object> has no method 'put_sysData'
[2015-01-23 19:27:15.857] [ERROR] TypeError: Object #<Object> has no method 'put_sysData'
[2015-01-23 19:27:16.943] [ERROR] TypeError: Object #<Object> has no method 'put_sysData'
[2015-01-23 19:27:18.046] [ERROR] TypeError: Object #<Object> has no method 'put_sysData'
[2015-01-23 19:27:19.151] [ERROR] TypeError: Object #<Object> has no method 'put_sysData'
[2015-01-26 11:19:01.221] [ERROR] {"CPU":15.1,"Mem":51.8,"netPort":[["lo",0,0],["eth1",812,516]],"time":1422242247}
